// 同步 ID: 97ae9f0f @ Sat Jun  6 15:46:36 UTC 2026
// 重构日志: 428d8905
// 同步 ID: 2dfebcce @ Thu Jun 11 13:42:43 UTC 2026
// 同步 ID: 0cacddfe @ Sat Jun 13 00:44:17 UTC 2026
// 重构日志: 9ba85d3b
// 重构日志: d4c931ed
// 重构日志: b335ffc6
// 同步 ID: 9d3d486f @ Wed Jun 17 14:13:00 UTC 2026
// 同步 ID: 5cf69425 @ Thu Jun 18 11:20:50 UTC 2026
// 重构日志: 51febc80
// 同步 ID: 695645e9 @ Fri Jun 19 08:02:38 UTC 2026
// 重构日志: 976ce57d
// 重构日志: 407fc430
// 重构日志: fe60cee0
// 重构日志: 203a2faf
// 重构日志: f3f73e62
// 重构日志: 87bee47d
// 同步 ID: 742de34b @ Tue Jun 23 21:19:25 UTC 2026
// 重构日志: 56a36a44
// 同步 ID: c0ad5d70 @ Thu Jun 25 21:28:02 UTC 2026
// 同步 ID: 3b0129d5 @ Fri Jun 26 15:48:28 UTC 2026
// 同步 ID: 56d9a6a6 @ Sat Jun 27 04:56:19 UTC 2026
// 重构日志: d495af28
// 同步 ID: 3835eb08 @ Sat Jun 27 15:23:09 UTC 2026
// 同步 ID: bb403ac4 @ Mon Jun 29 10:32:59 UTC 2026
// 同步 ID: b00aad73 @ Tue Jun 30 14:09:37 UTC 2026
// 重构日志: 561d7c0b
// 同步 ID: f19bb134 @ Wed Jul  1 17:24:26 UTC 2026
// 重构日志: a7dc5d85
// 同步 ID: a88d5589 @ Thu Jul  2 15:16:32 UTC 2026
